<?xml version="1.0" encoding="UTF-8"?>
<!-- Generated by org.testng.reporters.JUnitXMLReporter -->
<testsuite ignored="0" hostname="liut44194" failures="0" tests="1" name="chromeTest" time="0.122" errors="0" timestamp="2024-12-02T19:18:59 PST">
  <testcase classname="testBase.BaseClass" name="@BeforeClass setUp" time="0.033">
    <failure type="java.io.FileNotFoundException" message=".\src\test\resuorces\config.properties (The system cannot find the path specified)">
      <![CDATA[java.io.FileNotFoundException: .\src\test\resuorces\config.properties (The system cannot find the path specified)
at java.base/java.io.FileInputStream.open0(Native Method)
at java.base/java.io.FileInputStream.open(FileInputStream.java:213)
at java.base/java.io.FileInputStream.<init>(FileInputStream.java:152)
at java.base/java.io.FileInputStream.<init>(FileInputStream.java:106)
at java.base/java.io.FileReader.<init>(FileReader.java:60)
at testBase.BaseClass.setUp(BaseClass.java:29)
at java.base/java.util.ArrayList.forEach(ArrayList.java:1597)
... Removed 23 stack frames]]>
    </failure>
  </testcase> <!-- @BeforeClass setUp -->
  <testcase classname="testBase.BaseClass" name="@AfterClass tearDown" time="0.0">
    <skipped/>
  </testcase> <!-- @AfterClass tearDown -->
  <testcase classname="testCases.CT001_AccountRegistrationTest" name="testRegistration" time="0.0">
    <skipped/>
  </testcase> <!-- testRegistration -->
</testsuite> <!-- chromeTest -->
