<?xml version="1.0" encoding="UTF-8"?>
<testng-results ignored="0" total="2" passed="1" failed="1" skipped="0">
  <reporter-output>
  </reporter-output>
  <suite started-at="2024-12-08T14:32:59 PST" name="Suite" finished-at="2024-12-08T14:33:15 PST" duration-ms="15714">
    <groups>
      <group name="Master">
        <method signature="CT001_AccountRegistrationTest.testRegistration()[pri:0, instance:testCases.CT001_AccountRegistrationTest@6ad3381f]" name="testRegistration" class="testCases.CT001_AccountRegistrationTest"/>
        <method signature="CT002_LoginTest.testLogin()[pri:0, instance:testCases.CT002_LoginTest@6d1ef78d]" name="testLogin" class="testCases.CT002_LoginTest"/>
      </group> <!-- Master -->
      <group name="Sanity">
        <method signature="CT002_LoginTest.testLogin()[pri:0, instance:testCases.CT002_LoginTest@6d1ef78d]" name="testLogin" class="testCases.CT002_LoginTest"/>
      </group> <!-- Sanity -->
      <group name="Regression">
        <method signature="CT001_AccountRegistrationTest.testRegistration()[pri:0, instance:testCases.CT001_AccountRegistrationTest@6ad3381f]" name="testRegistration" class="testCases.CT001_AccountRegistrationTest"/>
      </group> <!-- Regression -->
    </groups>
    <test started-at="2024-12-08T14:32:59 PST" name="Test" finished-at="2024-12-08T14:33:15 PST" duration-ms="15714">
      <class name="testCases.CT001_AccountRegistrationTest">
        <test-method is-config="true" signature="setUp(java.lang.String,java.lang.String)[pri:0, instance:testCases.CT001_AccountRegistrationTest@6ad3381f]" started-at="2024-12-08T14:33:00 PST" name="setUp" finished-at="2024-12-08T14:33:03 PST" duration-ms="3681" status="PASS">
          <params>
            <param index="0">
              <value>
                <![CDATA[windows]]>
              </value>
            </param>
            <param index="1">
              <value>
                <![CDATA[edge]]>
              </value>
            </param>
          </params>
          <reporter-output>
          </reporter-output>
        </test-method> <!-- setUp -->
        <test-method signature="testRegistration()[pri:0, instance:testCases.CT001_AccountRegistrationTest@6ad3381f]" started-at="2024-12-08T14:33:03 PST" name="testRegistration" finished-at="2024-12-08T14:33:08 PST" duration-ms="4118" status="FAIL">
          <exception class="java.lang.AssertionError">
            <message>
              <![CDATA[expected [Your Account Has Been Created!！] but found [Your Account Has Been Created!]]]>
            </message>
            <full-stacktrace>
              <![CDATA[java.lang.AssertionError: expected [Your Account Has Been Created!！] but found [Your Account Has Been Created!]
at org.testng.Assert.fail(Assert.java:111)
at org.testng.Assert.failNotEquals(Assert.java:1578)
at org.testng.Assert.assertEqualsImpl(Assert.java:150)
at org.testng.Assert.assertEquals(Assert.java:132)
at org.testng.Assert.assertEquals(Assert.java:656)
at org.testng.Assert.assertEquals(Assert.java:666)
at testCases.CT001_AccountRegistrationTest.testRegistration(CT001_AccountRegistrationTest.java:56)
at java.base/jdk.internal.reflect.DirectMethodHandleAccessor.invoke(DirectMethodHandleAccessor.java:103)
at java.base/java.lang.reflect.Method.invoke(Method.java:580)
at org.testng.internal.invokers.MethodInvocationHelper.invokeMethod(MethodInvocationHelper.java:141)
at org.testng.internal.invokers.TestInvoker.invokeMethod(TestInvoker.java:686)
at org.testng.internal.invokers.TestInvoker.invokeTestMethod(TestInvoker.java:230)
at org.testng.internal.invokers.MethodRunner.runInSequence(MethodRunner.java:63)
at org.testng.internal.invokers.TestInvoker$MethodInvocationAgent.invoke(TestInvoker.java:992)
at org.testng.internal.invokers.TestInvoker.invokeTestMethods(TestInvoker.java:203)
at org.testng.internal.invokers.TestMethodWorker.invokeTestMethods(TestMethodWorker.java:154)
at org.testng.internal.invokers.TestMethodWorker.run(TestMethodWorker.java:134)
at java.base/java.util.ArrayList.forEach(ArrayList.java:1597)
at org.testng.TestRunner.privateRun(TestRunner.java:739)
at org.testng.TestRunner.run(TestRunner.java:614)
at org.testng.SuiteRunner.runTest(SuiteRunner.java:421)
at org.testng.SuiteRunner.runSequentially(SuiteRunner.java:413)
at org.testng.SuiteRunner.privateRun(SuiteRunner.java:373)
at org.testng.SuiteRunner.run(SuiteRunner.java:312)
at org.testng.SuiteRunnerWorker.runSuite(SuiteRunnerWorker.java:52)
at org.testng.SuiteRunnerWorker.run(SuiteRunnerWorker.java:95)
at org.testng.TestNG.runSuitesSequentially(TestNG.java:1274)
at org.testng.TestNG.runSuitesLocally(TestNG.java:1208)
at org.testng.TestNG.runSuites(TestNG.java:1112)
at org.testng.TestNG.run(TestNG.java:1079)
at org.testng.remote.AbstractRemoteTestNG.run(AbstractRemoteTestNG.java:115)
at org.testng.remote.RemoteTestNG.initAndRun(RemoteTestNG.java:293)
at org.testng.remote.RemoteTestNG.main(RemoteTestNG.java:91)
]]>
            </full-stacktrace>
          </exception> <!-- java.lang.AssertionError -->
          <reporter-output>
          </reporter-output>
        </test-method> <!-- testRegistration -->
        <test-method is-config="true" signature="tearDown()[pri:0, instance:testCases.CT001_AccountRegistrationTest@6ad3381f]" started-at="2024-12-08T14:33:08 PST" name="tearDown" finished-at="2024-12-08T14:33:09 PST" duration-ms="1335" status="PASS">
          <reporter-output>
          </reporter-output>
        </test-method> <!-- tearDown -->
      </class> <!-- testCases.CT001_AccountRegistrationTest -->
      <class name="testCases.CT002_LoginTest">
        <test-method is-config="true" signature="setUp(java.lang.String,java.lang.String)[pri:0, instance:testCases.CT002_LoginTest@6d1ef78d]" started-at="2024-12-08T14:33:09 PST" name="setUp" finished-at="2024-12-08T14:33:12 PST" duration-ms="3181" status="PASS">
          <params>
            <param index="0">
              <value>
                <![CDATA[windows]]>
              </value>
            </param>
            <param index="1">
              <value>
                <![CDATA[edge]]>
              </value>
            </param>
          </params>
          <reporter-output>
          </reporter-output>
        </test-method> <!-- setUp -->
        <test-method signature="testLogin()[pri:0, instance:testCases.CT002_LoginTest@6d1ef78d]" started-at="2024-12-08T14:33:12 PST" name="testLogin" finished-at="2024-12-08T14:33:14 PST" duration-ms="1441" status="PASS">
          <reporter-output>
          </reporter-output>
        </test-method> <!-- testLogin -->
        <test-method is-config="true" signature="tearDown()[pri:0, instance:testCases.CT002_LoginTest@6d1ef78d]" started-at="2024-12-08T14:33:14 PST" name="tearDown" finished-at="2024-12-08T14:33:15 PST" duration-ms="1312" status="PASS">
          <reporter-output>
          </reporter-output>
        </test-method> <!-- tearDown -->
      </class> <!-- testCases.CT002_LoginTest -->
    </test> <!-- Test -->
  </suite> <!-- Suite -->
</testng-results>
